#
# A fatal error has been detected by the Java Runtime Environment:
#
#  EXCEPTION_ACCESS_VIOLATION (0xc0000005) at pc=0x00000000637a25b0, pid=37360, tid=33700
#
# JRE version: Java(TM) SE Runtime Environment (7.0_80-b15) (build 1.7.0_80-b15)
# Java VM: Java HotSpot(TM) 64-Bit Server VM (24.80-b11 mixed mode windows-amd64 compressed oops)
# Problematic frame:
# C  [jdwp.dll+0x225b0]
#
# Failed to write core dump. Minidumps are not enabled by default on client versions of Windows
#
# If you would like to submit a bug report, please visit:
#   http://bugreport.java.com/bugreport/crash.jsp
# The crash happened outside the Java Virtual Machine in native code.
# See problematic frame for where to report the bug.
#

---------------  T H R E A D  ---------------

Current thread (0x000000000b69d800):  JavaThread "JDWP Command Reader" daemon [_thread_in_native, id=33700, stack(0x000000000cdf0000,0x000000000cef0000)]

siginfo: ExceptionCode=0xc0000005, reading address 0x0000000000000000

Registers:
RAX=0x00000000637af590, RBX=0x000000000000000c, RCX=0x0000000000000000, RDX=0x0000000000000028
RSP=0x000000000ceef5b0, RBP=0x00000000637a9348, RSI=0x0000000000000004, RDI=0x00000000637433c0
R8 =0x000000000ceef618, R9 =0x7efefeff01daff6b, R10=0x81010101010100f8, R11=0x8101010101010100
R12=0x000000000b682400, R13=0x000000000b6827d8, R14=0x0000000000000000, R15=0x00000000637a9338
RIP=0x00000000637a25b0, EFLAGS=0x0000000000010206

Top of Stack: (sp=0x000000000ceef5b0)
0x000000000ceef5b0:   000000000ceef5d8 0000000000000018
0x000000000ceef5c0:   0000000000000000 0000000000000000
0x000000000ceef5d0:   0000000000002714 00000000637423b8
0x000000000ceef5e0:   0000000000000001 0000000000000020
0x000000000ceef5f0:   0000000000000000 000000000000030c
0x000000000ceef600:   00000000637433c0 000000006374108e
0x000000000ceef610:   000000000000000c 00000000010b2d20
0x000000000ceef620:   0000000000000004 00000000c0000120
0x000000000ceef630:   7075727265746e49 636e756620646574
0x000000000ceef640:   6c6163206e6f6974 0000000002dc006c
0x000000000ceef650:   0000000000000000 00000000000002a4
0x000000000ceef660:   000000000b6827d8 000000000b682400
0x000000000ceef670:   0000000001098e30 00007ffc3f74f538
0x000000000ceef680:   00000000000002a4 00000000010bfd70
0x000000000ceef690:   00007ffc3dca28e0 000000000ceef6d4
0x000000000ceef6a0:   000000000ceef738 0000000000000000 

Instructions: (pc=0x00000000637a25b0)
0x00000000637a2590:   83 ec 50 48 63 d1 85 c9 75 07 33 c0 e9 84 00 00
0x00000000637a25a0:   00 48 8b 05 30 d7 00 00 4c 8d 44 24 68 48 8b 08
0x00000000637a25b0:   48 8b 01 ff 90 68 01 00 00 8b f8 85 c0 74 61 8b
0x00000000637a25c0:   c8 e8 12 cd fe ff 48 8b d8 ff 15 61 4c 00 00 c7 


Register to memory mapping:

RAX=0x00000000637af590 is an unknown value
RBX=0x000000000000000c is an unknown value
RCX=0x0000000000000000 is an unknown value
RDX=0x0000000000000028 is an unknown value
RSP=0x000000000ceef5b0 is pointing into the stack for thread: 0x000000000b69d800
RBP=0x00000000637a9348 is an unknown value
RSI=0x0000000000000004 is an unknown value
RDI=0x00000000637433c0 is an unknown value
R8 =0x000000000ceef618 is pointing into the stack for thread: 0x000000000b69d800
R9 =0x7efefeff01daff6b is an unknown value
R10=0x81010101010100f8 is an unknown value
R11=0x8101010101010100 is an unknown value
R12=0x000000000b682400 is an unknown value
R13=0x000000000b6827d8 is an unknown value
R14=0x0000000000000000 is an unknown value
R15=0x00000000637a9338 is an unknown value


Stack: [0x000000000cdf0000,0x000000000cef0000],  sp=0x000000000ceef5b0,  free space=1021k
Native frames: (J=compiled Java code, j=interpreted, Vv=VM code, C=native code)
C  [jdwp.dll+0x225b0]


---------------  P R O C E S S  ---------------

Java Threads: ( => current thread )
  0x000000000b6ae800 JavaThread "Service Thread" daemon [_thread_blocked, id=49524, stack(0x000000000d0f0000,0x000000000d1f0000)]
  0x000000000b6ae000 JavaThread "C2 CompilerThread1" daemon [_thread_blocked, id=4012, stack(0x000000000cff0000,0x000000000d0f0000)]
  0x000000000b6b1800 JavaThread "C2 CompilerThread0" daemon [_thread_blocked, id=41848, stack(0x000000000cef0000,0x000000000cff0000)]
=>0x000000000b69d800 JavaThread "JDWP Command Reader" daemon [_thread_in_native, id=33700, stack(0x000000000cdf0000,0x000000000cef0000)]
  0x000000000b699000 JavaThread "JDWP Event Helper Thread" daemon [_thread_blocked, id=57424, stack(0x000000000ccf0000,0x000000000cdf0000)]
  0x000000000b68a000 JavaThread "JDWP Transport Listener: dt_socket" daemon [_thread_blocked, id=51632, stack(0x000000000cbf0000,0x000000000ccf0000)]
  0x00000000033fe800 JavaThread "Attach Listener" daemon [_thread_blocked, id=25540, stack(0x000000000caf0000,0x000000000cbf0000)]
  0x00000000033eb800 JavaThread "Finalizer" daemon [_thread_blocked, id=24804, stack(0x000000000c8f0000,0x000000000c9f0000)]
  0x00000000033e3800 JavaThread "Reference Handler" daemon [_thread_blocked, id=46780, stack(0x000000000c7f0000,0x000000000c8f0000)]

Other Threads:
  0x000000000b642000 VMThread [stack: 0x000000000c6f0000,0x000000000c7f0000] [id=33712]

VM state:at safepoint (normal execution)

VM Mutex/Monitor currently owned by a thread:  ([mutex/lock_event])
[0x0000000003300cd0] Threads_lock - owner thread: 0x000000000b642000
[0x0000000003300b50] Heap_lock - owner thread: 0x0000000003303800

Heap
 PSYoungGen      total 38400K, used 3328K [0x00000007d5c00000, 0x00000007d8680000, 0x0000000800000000)
  eden space 33280K, 10% used [0x00000007d5c00000,0x00000007d5f40348,0x00000007d7c80000)
  from space 5120K, 0% used [0x00000007d8180000,0x00000007d8180000,0x00000007d8680000)
  to   space 5120K, 0% used [0x00000007d7c80000,0x00000007d7c80000,0x00000007d8180000)
 ParOldGen       total 86528K, used 0K [0x0000000781400000, 0x0000000786880000, 0x00000007d5c00000)
  object space 86528K, 0% used [0x0000000781400000,0x0000000781400000,0x0000000786880000)
 PSPermGen       total 21504K, used 3302K [0x000000077c200000, 0x000000077d700000, 0x0000000781400000)
  object space 21504K, 15% used [0x000000077c200000,0x000000077c539b78,0x000000077d700000)

Card table byte_map: [0x0000000006400000,0x0000000006820000] byte_map_base: 0x000000000281f000

Polling page: 0x00000000015b0000

Code Cache  [0x0000000003400000, 0x0000000003670000, 0x0000000006400000)
 total_blobs=201 nmethods=8 adapters=154 free_code_cache=48749Kb largest_free_block=49902592

Compilation events (10 events):
Event: 0.249 Thread 0x000000000b6b1800    4             java.lang.String::hashCode (55 bytes)
Event: 0.251 Thread 0x000000000b6b1800 nmethod 4 0x0000000003461ad0 code [0x0000000003461c20, 0x0000000003461db8]
Event: 0.255 Thread 0x000000000b6ae000    5 %           java.lang.String::indexOf @ 69 (166 bytes)
Event: 0.264 Thread 0x000000000b6b1800    6             sun.misc.ASCIICaseInsensitiveComparator::compare (126 bytes)
Event: 0.267 Thread 0x000000000b6ae000 nmethod 5% 0x0000000003466190 code [0x00000000034662e0, 0x0000000003466b98]
Event: 0.270 Thread 0x000000000b6b1800 nmethod 6 0x00000000034627d0 code [0x0000000003462920, 0x0000000003462d98]
Event: 0.271 Thread 0x000000000b6ae000    7             java.lang.String::indexOf (166 bytes)
Event: 0.279 Thread 0x000000000b6ae000 nmethod 7 0x0000000003464350 code [0x00000000034644a0, 0x0000000003464998]
Event: 0.284 Thread 0x000000000b6b1800    8             java.lang.String::length (6 bytes)
Event: 0.284 Thread 0x000000000b6b1800 nmethod 8 0x0000000003467210 code [0x0000000003467340, 0x00000000034673d8]

GC Heap History (0 events):
No events

Deoptimization events (1 events):
Event: 0.254 Thread 0x0000000003303800 Uncommon trap: reason=unstable_if action=reinterpret pc=0x0000000003461d84 method=java.lang.String.hashCode()I @ 14

Internal exceptions (6 events):
Event: 0.025 Thread 0x0000000003303800 Threw 0x00000007d5c0f628 at C:\re\jdk7u80\2329\hotspot\src\share\vm\prims\jni.cpp:3991
Event: 0.242 Thread 0x0000000003303800 Threw 0x00000007d5d6b550 at C:\re\jdk7u80\2329\hotspot\src\share\vm\prims\jvm.cpp:1319
Event: 0.277 Thread 0x0000000003303800 Threw 0x00000007d5dad320 at C:\re\jdk7u80\2329\hotspot\src\share\vm\prims\jvm.cpp:1319
Event: 0.277 Thread 0x0000000003303800 Threw 0x00000007d5dad448 at C:\re\jdk7u80\2329\hotspot\src\share\vm\prims\jvm.cpp:1319
Event: 0.278 Thread 0x0000000003303800 Threw 0x00000007d5db0980 at C:\re\jdk7u80\2329\hotspot\src\share\vm\prims\jvm.cpp:1319
Event: 0.278 Thread 0x0000000003303800 Threw 0x00000007d5db0aa8 at C:\re\jdk7u80\2329\hotspot\src\share\vm\prims\jvm.cpp:1319

Events (10 events):
Event: 0.281 loading class 0x00000000033707d0 done
Event: 0.281 loading class 0x000000000d285360 done
Event: 0.284 Thread 0x0000000003303800 Thread exited: 0x0000000003303800
Event: 0.284 Thread 0x0000000003303800 Thread added: 0x0000000003303800
Event: 0.284 loading class 0x0000000003349e00
Event: 0.284 loading class 0x0000000003349e00 done
Event: 0.284 loading class 0x000000000d2856c0
Event: 0.284 loading class 0x000000000d2856c0 done
Event: 0.285 Thread 0x00000000033fd800 Thread exited: 0x00000000033fd800
Event: 0.285 Thread 0x0000000003303800 Thread exited: 0x0000000003303800


Dynamic libraries:
0x00007ff67fc50000 - 0x00007ff67fc83000 	C:\Program Files\Java\jre7\bin\javaw.exe
0x00007ffc41a60000 - 0x00007ffc41c21000 	C:\Windows\SYSTEM32\ntdll.dll
0x00007ffc3f2f0000 - 0x00007ffc3f39d000 	C:\Windows\system32\KERNEL32.DLL
0x00007ffc3e920000 - 0x00007ffc3eafd000 	C:\Windows\system32\KERNELBASE.dll
0x00007ffc40170000 - 0x00007ffc40216000 	C:\Windows\system32\ADVAPI32.dll
0x00007ffc417b0000 - 0x00007ffc4184d000 	C:\Windows\system32\msvcrt.dll
0x00007ffc41750000 - 0x00007ffc417ab000 	C:\Windows\system32\sechost.dll
0x00007ffc3fb70000 - 0x00007ffc3fc96000 	C:\Windows\system32\RPCRT4.dll
0x00007ffc3fe80000 - 0x00007ffc3ffce000 	C:\Windows\system32\USER32.dll
0x00007ffc3ffd0000 - 0x00007ffc40156000 	C:\Windows\system32\GDI32.dll
0x00007ffc2e4d0000 - 0x00007ffc2e744000 	C:\Windows\WinSxS\amd64_microsoft.windows.common-controls_6595b64144ccf1df_6.0.10240.16384_none_f41f7b285750ef43\COMCTL32.dll
0x00007ffc3f700000 - 0x00007ffc3f736000 	C:\Windows\system32\IMM32.DLL
0x00007ffc3f4d0000 - 0x00007ffc3f62c000 	C:\Windows\system32\MSCTF.dll
0x0000000063800000 - 0x00000000638d2000 	C:\Program Files\Java\jre7\bin\msvcr100.dll
0x0000000062400000 - 0x0000000062bd9000 	C:\Program Files\Java\jre7\bin\server\jvm.dll
0x00007ffc3fe70000 - 0x00007ffc3fe78000 	C:\Windows\system32\PSAPI.DLL
0x00007ffc312a0000 - 0x00007ffc312a9000 	C:\Windows\SYSTEM32\WSOCK32.dll
0x00007ffc3cab0000 - 0x00007ffc3cad3000 	C:\Windows\SYSTEM32\WINMM.dll
0x00007ffc3f740000 - 0x00007ffc3f7a9000 	C:\Windows\system32\WS2_32.dll
0x00007ffc40160000 - 0x00007ffc40168000 	C:\Windows\system32\NSI.dll
0x00007ffc3ca80000 - 0x00007ffc3caac000 	C:\Windows\SYSTEM32\WINMMBASE.dll
0x00007ffc3e8d0000 - 0x00007ffc3e914000 	C:\Windows\system32\cfgmgr32.dll
0x00007ffc3cee0000 - 0x00007ffc3cf07000 	C:\Windows\SYSTEM32\DEVOBJ.dll
0x00000000637f0000 - 0x00000000637ff000 	C:\Program Files\Java\jre7\bin\verify.dll
0x00000000637c0000 - 0x00000000637e8000 	C:\Program Files\Java\jre7\bin\java.dll
0x0000000063780000 - 0x00000000637b5000 	C:\Program Files\Java\jre7\bin\jdwp.dll
0x0000000063770000 - 0x0000000063778000 	C:\Program Files\Java\jre7\bin\npt.dll
0x0000000063750000 - 0x0000000063766000 	C:\Program Files\Java\jre7\bin\zip.dll
0x0000000063740000 - 0x0000000063749000 	C:\Program Files\Java\jre7\bin\dt_socket.dll
0x00007ffc31120000 - 0x00007ffc31135000 	C:\Windows\system32\napinsp.dll
0x00007ffc31140000 - 0x00007ffc3115a000 	C:\Windows\system32\pnrpnsp.dll
0x00007ffc36de0000 - 0x00007ffc36df8000 	C:\Windows\system32\NLAapi.dll
0x00007ffc3dca0000 - 0x00007ffc3dcfd000 	C:\Windows\System32\mswsock.dll
0x00007ffc3daa0000 - 0x00007ffc3db48000 	C:\Windows\SYSTEM32\DNSAPI.dll
0x00007ffc31160000 - 0x00007ffc3116d000 	C:\Windows\System32\winrnr.dll
0x00007ffc31170000 - 0x00007ffc31185000 	C:\Windows\system32\wshbth.dll
0x00007ffc36410000 - 0x00007ffc36478000 	C:\Windows\System32\fwpuclnt.dll
0x00007ffc3e3c0000 - 0x00007ffc3e3e8000 	C:\Windows\SYSTEM32\bcrypt.dll
0x00007ffc33510000 - 0x00007ffc3351a000 	C:\Windows\System32\rasadhlp.dll
0x00007ffc1fd80000 - 0x00007ffc1ff0a000 	C:\Windows\SYSTEM32\dbghelp.dll

VM Arguments:
jvm_args: -agentlib:jdwp=transport=dt_socket,suspend=y,address=localhost:51001 -Dfile.encoding=UTF-8 
java_command: com.yrdce.ipo.common.utils.Selection
Launcher Type: SUN_STANDARD

Environment Variables:
JAVA_HOME=C:\Program Files\Java\jdk1.7.0_80
CLASSPATH=.;C:\Program Files\Java\jdk1.7.0_80\lib\dt.jar;C:\Program Files\Java\jdk1.7.0_80\lib\tools.jar;
PATH=E:\app\li\product\11.2.0\client_1\bin;E:\oracle;C:\ProgramData\Oracle\Java\javapath;C:\Program Files (x86)\Lenovo\FusionEngine;C:\Windows\system32;C:\Windows;C:\Windows\System32\Wbem;C:\Windows\System32\WindowsPowerShell\v1.0\;C:\Program Files (x86)\ATI Technologies\ATI.ACE\Core-Static;C:\Program Files\Intel\WiFi\bin\;C:\Program Files\Common Files\Intel\WirelessCommon\;C:\Windows\system32\config\systemprofile\.dnx\bin;C:\Program Files\Microsoft DNX\Dnvm\;C:\Users\li\.dnx\bin£»C:\Program Files\Java\jdk1.7.0_80\bin£»C:\Windows\system32;C:\Windows;C:\Windows\System32\Wbem£»E:\JAVA\apache-maven-3.3.9\bin;E:\JAVA\apache-tomcat-8.0.28\lib;E:\JAVA\apache-tomcat-8.0.28\bin£»
USERNAME=li
OS=Windows_NT
PROCESSOR_IDENTIFIER=Intel64 Family 6 Model 61 Stepping 4, GenuineIntel



---------------  S Y S T E M  ---------------

OS: Windows 8.1 , 64 bit Build 9600 

CPU:total 4 (2 cores per cpu, 2 threads per core) family 6 model 61 stepping 4, cmov, cx8, fxsr, mmx, sse, sse2, sse3, ssse3, sse4.1, sse4.2, popcnt, avx, avx2, aes, erms, ht, tsc, tscinvbit

Memory: 4k page, physical 8300384k(4249408k free), swap 11673784k(4237092k free)

vm_info: Java HotSpot(TM) 64-Bit Server VM (24.80-b11) for windows-amd64 JRE (1.7.0_80-b15), built on Apr 10 2015 11:26:34 by "java_re" with unknown MS VC++:1600

time: Thu Nov 26 20:52:02 2015
elapsed time: 0 seconds

